# JRE version: OpenJDK Runtime Environment Temurin-17.0.1+12 (17.0.1+12) (build 17.0.1+12)
# Java VM: OpenJDK 64-Bit Server VM Temurin-17.0.1+12 (17.0.1+12, mixed mode, tiered, compressed oops, compressed class ptrs, parallel gc, windows-amd64)
GC Precious Log:
 CPUs: 8 total, 8 available
 Memory: 11920M
 Large Page Support: Disabled
 NUMA Support: Disabled
 Compressed Oops: Enabled (32-bit)
 Alignments: Space 512K, Generation 512K, Heap 2M
 Heap Min Capacity: 100M
 Heap Initial Capacity: 100M
 Heap Max Capacity: 1G
 Pre-touch: Disabled
 Parallel Workers: 8
Heap:
 PSYoungGen      total 7168K, used 7096K [0x00000000eab00000, 0x00000000ebf00000, 0x0000000100000000)
  eden space 5120K, 98% used [0x00000000eab00000,0x00000000eaff2eb8,0x00000000eb000000)
  from space 2048K, 99% used [0x00000000eb100000,0x00000000eb2fb3c8,0x00000000eb300000)
  to   space 7680K, 0% used [0x00000000eb780000,0x00000000eb780000,0x00000000ebf00000)
 ParOldGen       total 110592K, used 88815K [0x00000000c0000000, 0x00000000c6c00000, 0x00000000eab00000)
  object space 110592K, 80% used [0x00000000c0000000,0x00000000c56bbd20,0x00000000c6c00000)
 Metaspace       used 65512K, committed 66560K, reserved 1114112K
  class space    used 6882K, committed 7360K, reserved 1048576K
GC Heap History (20 events):
Event: 25.012 GC heap before
{Heap before GC invocations=61 (full 5):
 PSYoungGen      total 8704K, used 3566K [0x00000000eab00000, 0x00000000eba00000, 0x0000000100000000)
  eden space 5120K, 0% used [0x00000000eab00000,0x00000000eab00000,0x00000000eb000000)
  from space 3584K, 99% used [0x00000000eb000000,0x00000000eb37bb00,0x00000000eb380000)
  to   space 5120K, 0% used [0x00000000eb500000,0x00000000eb500000,0x00000000eba00000)
 ParOldGen       total 109056K, used 108892K [0x00000000c0000000, 0x00000000c6a80000, 0x00000000eab00000)
  object space 109056K, 99% used [0x00000000c0000000,0x00000000c6a570e8,0x00000000c6a80000)
 Metaspace       used 63756K, committed 64704K, reserved 1114112K
  class space    used 6731K, committed 7168K, reserved 1048576K
}
Event: 25.158 GC heap after
{Heap after GC invocations=61 (full 5):
 PSYoungGen      total 10240K, used 0K [0x00000000eab00000, 0x00000000eba00000, 0x0000000100000000)
  eden space 5120K, 0% used [0x00000000eab00000,0x00000000eab00000,0x00000000eb000000)
  from space 5120K, 0% used [0x00000000eb500000,0x00000000eb500000,0x00000000eba00000)
  to   space 5120K, 0% used [0x00000000eb000000,0x00000000eb000000,0x00000000eb500000)
 ParOldGen       total 110592K, used 81846K [0x00000000c0000000, 0x00000000c6c00000, 0x00000000eab00000)
  object space 110592K, 74% used [0x00000000c0000000,0x00000000c4fed988,0x00000000c6c00000)
 Metaspace       used 63756K, committed 64704K, reserved 1114112K
  class space    used 6731K, committed 7168K, reserved 1048576K
}
Event: 25.318 GC heap before
{Heap before GC invocations=62 (full 5):
 PSYoungGen      total 10240K, used 5120K [0x00000000eab00000, 0x00000000eba00000, 0x0000000100000000)
  eden space 5120K, 100% used [0x00000000eab00000,0x00000000eb000000,0x00000000eb000000)
  from space 5120K, 0% used [0x00000000eb500000,0x00000000eb500000,0x00000000eba00000)
  to   space 5120K, 0% used [0x00000000eb000000,0x00000000eb000000,0x00000000eb500000)
 ParOldGen       total 110592K, used 81846K [0x00000000c0000000, 0x00000000c6c00000, 0x00000000eab00000)
  object space 110592K, 74% used [0x00000000c0000000,0x00000000c4fed988,0x00000000c6c00000)
 Metaspace       used 63767K, committed 64768K, reserved 1114112K
  class space    used 6732K, committed 7168K, reserved 1048576K
}
Event: 25.320 GC heap after
{Heap after GC invocations=62 (full 5):
 PSYoungGen      total 5632K, used 480K [0x00000000eab00000, 0x00000000eb580000, 0x0000000100000000)
  eden space 5120K, 0% used [0x00000000eab00000,0x00000000eab00000,0x00000000eb000000)
  from space 512K, 93% used [0x00000000eb000000,0x00000000eb078000,0x00000000eb080000)
  to   space 2048K, 0% used [0x00000000eb380000,0x00000000eb380000,0x00000000eb580000)
 ParOldGen       total 110592K, used 81846K [0x00000000c0000000, 0x00000000c6c00000, 0x00000000eab00000)
  object space 110592K, 74% used [0x00000000c0000000,0x00000000c4fed988,0x00000000c6c00000)
 Metaspace       used 63767K, committed 64768K, reserved 1114112K
  class space    used 6732K, committed 7168K, reserved 1048576K
}
Event: 25.483 GC heap before
{Heap before GC invocations=63 (full 5):
 PSYoungGen      total 5632K, used 5600K [0x00000000eab00000, 0x00000000eb580000, 0x0000000100000000)
  eden space 5120K, 100% used [0x00000000eab00000,0x00000000eb000000,0x00000000eb000000)
  from space 512K, 93% used [0x00000000eb000000,0x00000000eb078000,0x00000000eb080000)
  to   space 2048K, 0% used [0x00000000eb380000,0x00000000eb380000,0x00000000eb580000)
 ParOldGen       total 110592K, used 81846K [0x00000000c0000000, 0x00000000c6c00000, 0x00000000eab00000)
  object space 110592K, 74% used [0x00000000c0000000,0x00000000c4fed988,0x00000000c6c00000)
 Metaspace       used 63817K, committed 64768K, reserved 1114112K
  class space    used 6733K, committed 7168K, reserved 1048576K
}
Event: 25.486 GC heap after
{Heap after GC invocations=63 (full 5):
 PSYoungGen      total 6144K, used 736K [0x00000000eab00000, 0x00000000eb480000, 0x0000000100000000)
  eden space 5120K, 0% used [0x00000000eab00000,0x00000000eab00000,0x00000000eb000000)
  from space 1024K, 71% used [0x00000000eb380000,0x00000000eb438000,0x00000000eb480000)
  to   space 1024K, 0% used [0x00000000eb280000,0x00000000eb280000,0x00000000eb380000)
 ParOldGen       total 110592K, used 81854K [0x00000000c0000000, 0x00000000c6c00000, 0x00000000eab00000)
  object space 110592K, 74% used [0x00000000c0000000,0x00000000c4fef988,0x00000000c6c00000)
 Metaspace       used 63817K, committed 64768K, reserved 1114112K
  class space    used 6733K, committed 7168K, reserved 1048576K
}
Event: 25.593 GC heap before
{Heap before GC invocations=64 (full 5):
 PSYoungGen      total 6144K, used 5856K [0x00000000eab00000, 0x00000000eb480000, 0x0000000100000000)
  eden space 5120K, 100% used [0x00000000eab00000,0x00000000eb000000,0x00000000eb000000)
  from space 1024K, 71% used [0x00000000eb380000,0x00000000eb438000,0x00000000eb480000)
  to   space 1024K, 0% used [0x00000000eb280000,0x00000000eb280000,0x00000000eb380000)
 ParOldGen       total 110592K, used 81854K [0x00000000c0000000, 0x00000000c6c00000, 0x00000000eab00000)
  object space 110592K, 74% used [0x00000000c0000000,0x00000000c4fef988,0x00000000c6c00000)
 Metaspace       used 63846K, committed 64832K, reserved 1114112K
  class space    used 6734K, committed 7168K, reserved 1048576K
}
Event: 25.595 GC heap after
{Heap after GC invocations=64 (full 5):
 PSYoungGen      total 6144K, used 1024K [0x00000000eab00000, 0x00000000eb400000, 0x0000000100000000)
  eden space 5120K, 0% used [0x00000000eab00000,0x00000000eab00000,0x00000000eb000000)
  from space 1024K, 100% used [0x00000000eb280000,0x00000000eb380000,0x00000000eb380000)
  to   space 512K, 0% used [0x00000000eb380000,0x00000000eb380000,0x00000000eb400000)
 ParOldGen       total 110592K, used 81950K [0x00000000c0000000, 0x00000000c6c00000, 0x00000000eab00000)
  object space 110592K, 74% used [0x00000000c0000000,0x00000000c5007988,0x00000000c6c00000)
 Metaspace       used 63846K, committed 64832K, reserved 1114112K
  class space    used 6734K, committed 7168K, reserved 1048576K
}
Event: 25.825 GC heap before
{Heap before GC invocations=65 (full 5):
 PSYoungGen      total 6144K, used 6144K [0x00000000eab00000, 0x00000000eb400000, 0x0000000100000000)
  eden space 5120K, 100% used [0x00000000eab00000,0x00000000eb000000,0x00000000eb000000)
  from space 1024K, 100% used [0x00000000eb280000,0x00000000eb380000,0x00000000eb380000)
  to   space 512K, 0% used [0x00000000eb380000,0x00000000eb380000,0x00000000eb400000)
 ParOldGen       total 110592K, used 81950K [0x00000000c0000000, 0x00000000c6c00000, 0x00000000eab00000)
  object space 110592K, 74% used [0x00000000c0000000,0x00000000c5007988,0x00000000c6c00000)
 Metaspace       used 64107K, committed 65088K, reserved 1114112K
  class space    used 6767K, committed 7232K, reserved 1048576K
}
Event: 25.827 GC heap after
{Heap after GC invocations=65 (full 5):
 PSYoungGen      total 5632K, used 497K [0x00000000eab00000, 0x00000000eb400000, 0x0000000100000000)
  eden space 5120K, 0% used [0x00000000eab00000,0x00000000eab00000,0x00000000eb000000)
  from space 512K, 97% used [0x00000000eb380000,0x00000000eb3fc768,0x00000000eb400000)
  to   space 1536K, 0% used [0x00000000eb100000,0x00000000eb100000,0x00000000eb280000)
 ParOldGen       total 110592K, used 82816K [0x00000000c0000000, 0x00000000c6c00000, 0x00000000eab00000)
  object space 110592K, 74% used [0x00000000c0000000,0x00000000c50e02b8,0x00000000c6c00000)
 Metaspace       used 64107K, committed 65088K, reserved 1114112K
  class space    used 6767K, committed 7232K, reserved 1048576K
}
Event: 26.127 GC heap before
{Heap before GC invocations=66 (full 5):
 PSYoungGen      total 5632K, used 5617K [0x00000000eab00000, 0x00000000eb400000, 0x0000000100000000)
  eden space 5120K, 100% used [0x00000000eab00000,0x00000000eb000000,0x00000000eb000000)
  from space 512K, 97% used [0x00000000eb380000,0x00000000eb3fc768,0x00000000eb400000)
  to   space 1536K, 0% used [0x00000000eb100000,0x00000000eb100000,0x00000000eb280000)
 ParOldGen       total 110592K, used 82816K [0x00000000c0000000, 0x00000000c6c00000, 0x00000000eab00000)
  object space 110592K, 74% used [0x00000000c0000000,0x00000000c50e02b8,0x00000000c6c00000)
 Metaspace       used 64563K, committed 65600K, reserved 1114112K
  class space    used 6798K, committed 7232K, reserved 1048576K
}
Event: 26.131 GC heap after
{Heap after GC invocations=66 (full 5):
 PSYoungGen      total 6656K, used 1510K [0x00000000eab00000, 0x00000000eb400000, 0x0000000100000000)
  eden space 5120K, 0% used [0x00000000eab00000,0x00000000eab00000,0x00000000eb000000)
  from space 1536K, 98% used [0x00000000eb100000,0x00000000eb2799d8,0x00000000eb280000)
  to   space 1536K, 0% used [0x00000000eb280000,0x00000000eb280000,0x00000000eb400000)
 ParOldGen       total 110592K, used 82832K [0x00000000c0000000, 0x00000000c6c00000, 0x00000000eab00000)
  object space 110592K, 74% used [0x00000000c0000000,0x00000000c50e42b8,0x00000000c6c00000)
 Metaspace       used 64563K, committed 65600K, reserved 1114112K
  class space    used 6798K, committed 7232K, reserved 1048576K
}
Event: 26.164 GC heap before
{Heap before GC invocations=67 (full 5):
 PSYoungGen      total 6656K, used 6630K [0x00000000eab00000, 0x00000000eb400000, 0x0000000100000000)
  eden space 5120K, 100% used [0x00000000eab00000,0x00000000eb000000,0x00000000eb000000)
  from space 1536K, 98% used [0x00000000eb100000,0x00000000eb2799d8,0x00000000eb280000)
  to   space 1536K, 0% used [0x00000000eb280000,0x00000000eb280000,0x00000000eb400000)
 ParOldGen       total 110592K, used 82832K [0x00000000c0000000, 0x00000000c6c00000, 0x00000000eab00000)
  object space 110592K, 74% used [0x00000000c0000000,0x00000000c50e42b8,0x00000000c6c00000)
 Metaspace       used 64565K, committed 65600K, reserved 1114112K
  class space    used 6798K, committed 7232K, reserved 1048576K
}
Event: 26.166 GC heap after
{Heap after GC invocations=67 (full 5):
 PSYoungGen      total 6656K, used 1530K [0x00000000eab00000, 0x00000000eb500000, 0x0000000100000000)
  eden space 5120K, 0% used [0x00000000eab00000,0x00000000eab00000,0x00000000eb000000)
  from space 1536K, 99% used [0x00000000eb280000,0x00000000eb3feac0,0x00000000eb400000)
  to   space 2560K, 0% used [0x00000000eb000000,0x00000000eb000000,0x00000000eb280000)
 ParOldGen       total 110592K, used 83635K [0x00000000c0000000, 0x00000000c6c00000, 0x00000000eab00000)
  object space 110592K, 75% used [0x00000000c0000000,0x00000000c51acf50,0x00000000c6c00000)
 Metaspace       used 64565K, committed 65600K, reserved 1114112K
  class space    used 6798K, committed 7232K, reserved 1048576K
}
Event: 26.248 GC heap before
{Heap before GC invocations=68 (full 5):
 PSYoungGen      total 6656K, used 6650K [0x00000000eab00000, 0x00000000eb500000, 0x0000000100000000)
  eden space 5120K, 100% used [0x00000000eab00000,0x00000000eb000000,0x00000000eb000000)
  from space 1536K, 99% used [0x00000000eb280000,0x00000000eb3feac0,0x00000000eb400000)
  to   space 2560K, 0% used [0x00000000eb000000,0x00000000eb000000,0x00000000eb280000)
 ParOldGen       total 110592K, used 83635K [0x00000000c0000000, 0x00000000c6c00000, 0x00000000eab00000)
  object space 110592K, 75% used [0x00000000c0000000,0x00000000c51acf50,0x00000000c6c00000)
 Metaspace       used 64600K, committed 65600K, reserved 1114112K
  class space    used 6799K, committed 7232K, reserved 1048576K
}
Event: 26.250 GC heap after
{Heap after GC invocations=68 (full 5):
 PSYoungGen      total 7680K, used 2545K [0x00000000eab00000, 0x00000000eb600000, 0x0000000100000000)
  eden space 5120K, 0% used [0x00000000eab00000,0x00000000eab00000,0x00000000eb000000)
  from space 2560K, 99% used [0x00000000eb000000,0x00000000eb27c510,0x00000000eb280000)
  to   space 3072K, 0% used [0x00000000eb300000,0x00000000eb300000,0x00000000eb600000)
 ParOldGen       total 110592K, used 83715K [0x00000000c0000000, 0x00000000c6c00000, 0x00000000eab00000)
  object space 110592K, 75% used [0x00000000c0000000,0x00000000c51c0f50,0x00000000c6c00000)
 Metaspace       used 64600K, committed 65600K, reserved 1114112K
  class space    used 6799K, committed 7232K, reserved 1048576K
}
Event: 26.670 GC heap before
{Heap before GC invocations=69 (full 5):
 PSYoungGen      total 7680K, used 7425K [0x00000000eab00000, 0x00000000eb600000, 0x0000000100000000)
  eden space 5120K, 95% used [0x00000000eab00000,0x00000000eafc3ff8,0x00000000eb000000)
  from space 2560K, 99% used [0x00000000eb000000,0x00000000eb27c510,0x00000000eb280000)
  to   space 3072K, 0% used [0x00000000eb300000,0x00000000eb300000,0x00000000eb600000)
 ParOldGen       total 110592K, used 83715K [0x00000000c0000000, 0x00000000c6c00000, 0x00000000eab00000)
  object space 110592K, 75% used [0x00000000c0000000,0x00000000c51c0f50,0x00000000c6c00000)
 Metaspace       used 65417K, committed 66496K, reserved 1114112K
  class space    used 6878K, committed 7360K, reserved 1048576K
}
Event: 26.672 GC heap after
{Heap after GC invocations=69 (full 5):
 PSYoungGen      total 7168K, used 1676K [0x00000000eab00000, 0x00000000eb500000, 0x0000000100000000)
  eden space 5120K, 0% used [0x00000000eab00000,0x00000000eab00000,0x00000000eb000000)
  from space 2048K, 81% used [0x00000000eb300000,0x00000000eb4a33c8,0x00000000eb500000)
  to   space 2048K, 0% used [0x00000000eb100000,0x00000000eb100000,0x00000000eb300000)
 ParOldGen       total 110592K, used 84272K [0x00000000c0000000, 0x00000000c6c00000, 0x00000000eab00000)
  object space 110592K, 76% used [0x00000000c0000000,0x00000000c524c030,0x00000000c6c00000)
 Metaspace       used 65417K, committed 66496K, reserved 1114112K
  class space    used 6878K, committed 7360K, reserved 1048576K
}
Event: 26.773 GC heap before
{Heap before GC invocations=70 (full 5):
 PSYoungGen      total 7168K, used 6796K [0x00000000eab00000, 0x00000000eb500000, 0x0000000100000000)
  eden space 5120K, 100% used [0x00000000eab00000,0x00000000eb000000,0x00000000eb000000)
  from space 2048K, 81% used [0x00000000eb300000,0x00000000eb4a33c8,0x00000000eb500000)
  to   space 2048K, 0% used [0x00000000eb100000,0x00000000eb100000,0x00000000eb300000)
 ParOldGen       total 110592K, used 84272K [0x00000000c0000000, 0x00000000c6c00000, 0x00000000eab00000)
  object space 110592K, 76% used [0x00000000c0000000,0x00000000c524c030,0x00000000c6c00000)
 Metaspace       used 65425K, committed 66496K, reserved 1114112K
  class space    used 6878K, committed 7360K, reserved 1048576K
}
Event: 26.777 GC heap after
{Heap after GC invocations=70 (full 5):
 PSYoungGen      total 7168K, used 2028K [0x00000000eab00000, 0x00000000ebf00000, 0x0000000100000000)
  eden space 5120K, 0% used [0x00000000eab00000,0x00000000eab00000,0x00000000eb000000)
  from space 2048K, 99% used [0x00000000eb100000,0x00000000eb2fb3c8,0x00000000eb300000)
  to   space 7680K, 0% used [0x00000000eb780000,0x00000000eb780000,0x00000000ebf00000)
 ParOldGen       total 110592K, used 88815K [0x00000000c0000000, 0x00000000c6c00000, 0x00000000eab00000)
  object space 110592K, 80% used [0x00000000c0000000,0x00000000c56bbd20,0x00000000c6c00000)
 Metaspace       used 65425K, committed 66496K, reserved 1114112K
  class space    used 6878K, committed 7360K, reserved 1048576K
}

